<?xml version="1.0" encoding="UTF-8"?>
<!-- Generated by org.testng.reporters.JUnitReportReporter -->
<testsuite hostname="LAPTOP-VLLNHLMJ" failures="0" tests="2" name="AppTest" time="0.879" errors="0" timestamp="2025-04-19T11:41:05 GMT+03:00" skipped="1">
  <testcase classname="AppTest" name="FillingtheInputFields" time="0.879"/>
  <system-out/>
  <testcase classname="AppTest" name="ScrollTest">
    <skipped/>
  </testcase> <!-- ScrollTest -->
  <system-out/>
</testsuite> <!-- AppTest -->
